<?xml version="1.0" encoding="UTF-8"?>
<!-- Generated by org.testng.reporters.JUnitXMLReporter -->
<testsuite hostname="DESKTOP-82IL342" ignored="0" name="Default test" tests="4" failures="0" timestamp="07 Nov 2018 05:12:55 GMT" time="23.537" errors="0">
  <testcase name="loginTest" time="1.318" classname="tests.LoginDDT"/>
  <testcase name="loginTest" time="0.988" classname="tests.LoginDDT"/>
  <testcase name="loginTest" time="1.332" classname="tests.LoginDDT"/>
  <testcase name="loginTest" time="1.512" classname="tests.LoginDDT"/>
</testsuite> <!-- Default test -->
