<?xml version="1.0" encoding="UTF-8"?>
<!-- Generated by org.testng.reporters.JUnitXMLReporter -->
<testsuite hostname="DESKTOP-82IL342" ignored="0" name="Default test" tests="4" failures="0" timestamp="06 Nov 2018 18:25:16 GMT" time="28.779" errors="0">
  <testcase name="loginTest" time="1.261" classname="tests.LoginDDT"/>
  <testcase name="loginTest" time="1.136" classname="tests.LoginDDT"/>
  <testcase name="loginTest" time="0.97" classname="tests.LoginDDT"/>
  <testcase name="loginTest" time="1.108" classname="tests.LoginDDT"/>
</testsuite> <!-- Default test -->
