<?xml version="1.0" encoding="UTF-8"?>
<testng-results skipped="0" failed="0" ignored="0" total="4" passed="4">
  <reporter-output>
  </reporter-output>
  <suite name="Default suite" duration-ms="28779" started-at="2018-11-06T18:24:47Z" finished-at="2018-11-06T18:25:16Z">
    <groups>
    </groups>
    <test name="Default test" duration-ms="28779" started-at="2018-11-06T18:24:47Z" finished-at="2018-11-06T18:25:16Z">
      <class name="tests.LoginDDT">
        <test-method status="PASS" signature="setUp()[pri:0, instance:tests.LoginDDT@e320068]" name="setUp" is-config="true" duration-ms="7757" started-at="2018-11-06T18:24:48Z" finished-at="2018-11-06T18:24:55Z">
          <reporter-output>
          </reporter-output>
        </test-method> <!-- setUp -->
        <test-method status="PASS" signature="loginTest(java.lang.String, java.lang.String, java.lang.String)[pri:0, instance:tests.LoginDDT@e320068]" name="loginTest" duration-ms="1261" started-at="2018-11-06T18:24:55Z" data-provider="getData" finished-at="2018-11-06T18:24:57Z">
          <params>
            <param index="0">
              <value>
                <![CDATA[Ellie Prynne]]>
              </value>
            </param>
            <param index="1">
              <value>
                <![CDATA[ep@testemail.com]]>
              </value>
            </param>
            <param index="2">
              <value>
                <![CDATA[ep1password]]>
              </value>
            </param>
          </params>
          <reporter-output>
          </reporter-output>
        </test-method> <!-- loginTest -->
        <test-method status="PASS" signature="tearDown()[pri:0, instance:tests.LoginDDT@e320068]" name="tearDown" is-config="true" duration-ms="680" started-at="2018-11-06T18:24:57Z" finished-at="2018-11-06T18:24:57Z">
          <reporter-output>
          </reporter-output>
        </test-method> <!-- tearDown -->
        <test-method status="PASS" signature="setUp()[pri:0, instance:tests.LoginDDT@e320068]" name="setUp" is-config="true" duration-ms="4524" started-at="2018-11-06T18:24:57Z" finished-at="2018-11-06T18:25:02Z">
          <reporter-output>
          </reporter-output>
        </test-method> <!-- setUp -->
        <test-method status="PASS" signature="loginTest(java.lang.String, java.lang.String, java.lang.String)[pri:0, instance:tests.LoginDDT@e320068]" name="loginTest" duration-ms="1136" started-at="2018-11-06T18:25:02Z" data-provider="getData" finished-at="2018-11-06T18:25:03Z">
          <params>
            <param index="0">
              <value>
                <![CDATA[Shawn Thompson]]>
              </value>
            </param>
            <param index="1">
              <value>
                <![CDATA[sw@testemail.com]]>
              </value>
            </param>
            <param index="2">
              <value>
                <![CDATA[sw2password]]>
              </value>
            </param>
          </params>
          <reporter-output>
          </reporter-output>
        </test-method> <!-- loginTest -->
        <test-method status="PASS" signature="tearDown()[pri:0, instance:tests.LoginDDT@e320068]" name="tearDown" is-config="true" duration-ms="715" started-at="2018-11-06T18:25:03Z" finished-at="2018-11-06T18:25:04Z">
          <reporter-output>
          </reporter-output>
        </test-method> <!-- tearDown -->
        <test-method status="PASS" signature="setUp()[pri:0, instance:tests.LoginDDT@e320068]" name="setUp" is-config="true" duration-ms="4477" started-at="2018-11-06T18:25:04Z" finished-at="2018-11-06T18:25:08Z">
          <reporter-output>
          </reporter-output>
        </test-method> <!-- setUp -->
        <test-method status="PASS" signature="loginTest(java.lang.String, java.lang.String, java.lang.String)[pri:0, instance:tests.LoginDDT@e320068]" name="loginTest" duration-ms="970" started-at="2018-11-06T18:25:08Z" data-provider="getData" finished-at="2018-11-06T18:25:09Z">
          <params>
            <param index="0">
              <value>
                <![CDATA[Michael Lane]]>
              </value>
            </param>
            <param index="1">
              <value>
                <![CDATA[ml@testemail.com]]>
              </value>
            </param>
            <param index="2">
              <value>
                <![CDATA[ml3password]]>
              </value>
            </param>
          </params>
          <reporter-output>
          </reporter-output>
        </test-method> <!-- loginTest -->
        <test-method status="PASS" signature="tearDown()[pri:0, instance:tests.LoginDDT@e320068]" name="tearDown" is-config="true" duration-ms="742" started-at="2018-11-06T18:25:09Z" finished-at="2018-11-06T18:25:10Z">
          <reporter-output>
          </reporter-output>
        </test-method> <!-- tearDown -->
        <test-method status="PASS" signature="setUp()[pri:0, instance:tests.LoginDDT@e320068]" name="setUp" is-config="true" duration-ms="4432" started-at="2018-11-06T18:25:10Z" finished-at="2018-11-06T18:25:14Z">
          <reporter-output>
          </reporter-output>
        </test-method> <!-- setUp -->
        <test-method status="PASS" signature="loginTest(java.lang.String, java.lang.String, java.lang.String)[pri:0, instance:tests.LoginDDT@e320068]" name="loginTest" duration-ms="1108" started-at="2018-11-06T18:25:14Z" data-provider="getData" finished-at="2018-11-06T18:25:15Z">
          <params>
            <param index="0">
              <value>
                <![CDATA[Janelle Von]]>
              </value>
            </param>
            <param index="1">
              <value>
                <![CDATA[jv@testemail.com]]>
              </value>
            </param>
            <param index="2">
              <value>
                <![CDATA[jv4password]]>
              </value>
            </param>
          </params>
          <reporter-output>
          </reporter-output>
        </test-method> <!-- loginTest -->
        <test-method status="PASS" signature="tearDown()[pri:0, instance:tests.LoginDDT@e320068]" name="tearDown" is-config="true" duration-ms="831" started-at="2018-11-06T18:25:15Z" finished-at="2018-11-06T18:25:16Z">
          <reporter-output>
          </reporter-output>
        </test-method> <!-- tearDown -->
      </class> <!-- tests.LoginDDT -->
    </test> <!-- Default test -->
  </suite> <!-- Default suite -->
</testng-results>
