<?xml version="1.0" encoding="UTF-8"?>
<testng-results skipped="0" failed="0" ignored="0" total="4" passed="4">
  <reporter-output>
  </reporter-output>
  <suite name="Default suite" duration-ms="23537" started-at="2018-11-07T05:12:31Z" finished-at="2018-11-07T05:12:54Z">
    <groups>
    </groups>
    <test name="Default test" duration-ms="23537" started-at="2018-11-07T05:12:31Z" finished-at="2018-11-07T05:12:54Z">
      <class name="tests.LoginDDT">
        <test-method status="PASS" signature="setUp()[pri:0, instance:tests.LoginDDT@e320068]" name="setUp" is-config="true" duration-ms="4363" started-at="2018-11-07T05:12:31Z" finished-at="2018-11-07T05:12:35Z">
          <reporter-output>
          </reporter-output>
        </test-method> <!-- setUp -->
        <test-method status="PASS" signature="loginTest(java.lang.String, java.lang.String, java.lang.String)[pri:0, instance:tests.LoginDDT@e320068]" name="loginTest" duration-ms="1318" started-at="2018-11-07T05:12:35Z" data-provider="getData" finished-at="2018-11-07T05:12:37Z">
          <params>
            <param index="0">
              <value>
                <![CDATA[Ellie Prynne]]>
              </value>
            </param>
            <param index="1">
              <value>
                <![CDATA[ep@testemail.com]]>
              </value>
            </param>
            <param index="2">
              <value>
                <![CDATA[ep1password]]>
              </value>
            </param>
          </params>
          <reporter-output>
          </reporter-output>
        </test-method> <!-- loginTest -->
        <test-method status="PASS" signature="tearDown()[pri:0, instance:tests.LoginDDT@e320068]" name="tearDown" is-config="true" duration-ms="662" started-at="2018-11-07T05:12:37Z" finished-at="2018-11-07T05:12:37Z">
          <reporter-output>
          </reporter-output>
        </test-method> <!-- tearDown -->
        <test-method status="PASS" signature="setUp()[pri:0, instance:tests.LoginDDT@e320068]" name="setUp" is-config="true" duration-ms="3670" started-at="2018-11-07T05:12:37Z" finished-at="2018-11-07T05:12:41Z">
          <reporter-output>
          </reporter-output>
        </test-method> <!-- setUp -->
        <test-method status="PASS" signature="loginTest(java.lang.String, java.lang.String, java.lang.String)[pri:0, instance:tests.LoginDDT@e320068]" name="loginTest" duration-ms="988" started-at="2018-11-07T05:12:41Z" data-provider="getData" finished-at="2018-11-07T05:12:42Z">
          <params>
            <param index="0">
              <value>
                <![CDATA[Shawn Thompson]]>
              </value>
            </param>
            <param index="1">
              <value>
                <![CDATA[sw@testemail.com]]>
              </value>
            </param>
            <param index="2">
              <value>
                <![CDATA[sw2password]]>
              </value>
            </param>
          </params>
          <reporter-output>
          </reporter-output>
        </test-method> <!-- loginTest -->
        <test-method status="PASS" signature="tearDown()[pri:0, instance:tests.LoginDDT@e320068]" name="tearDown" is-config="true" duration-ms="650" started-at="2018-11-07T05:12:42Z" finished-at="2018-11-07T05:12:43Z">
          <reporter-output>
          </reporter-output>
        </test-method> <!-- tearDown -->
        <test-method status="PASS" signature="setUp()[pri:0, instance:tests.LoginDDT@e320068]" name="setUp" is-config="true" duration-ms="3801" started-at="2018-11-07T05:12:43Z" finished-at="2018-11-07T05:12:47Z">
          <reporter-output>
          </reporter-output>
        </test-method> <!-- setUp -->
        <test-method status="PASS" signature="loginTest(java.lang.String, java.lang.String, java.lang.String)[pri:0, instance:tests.LoginDDT@e320068]" name="loginTest" duration-ms="1332" started-at="2018-11-07T05:12:47Z" data-provider="getData" finished-at="2018-11-07T05:12:48Z">
          <params>
            <param index="0">
              <value>
                <![CDATA[Michael Lane]]>
              </value>
            </param>
            <param index="1">
              <value>
                <![CDATA[ml@testemail.com]]>
              </value>
            </param>
            <param index="2">
              <value>
                <![CDATA[ml3password]]>
              </value>
            </param>
          </params>
          <reporter-output>
          </reporter-output>
        </test-method> <!-- loginTest -->
        <test-method status="PASS" signature="tearDown()[pri:0, instance:tests.LoginDDT@e320068]" name="tearDown" is-config="true" duration-ms="630" started-at="2018-11-07T05:12:48Z" finished-at="2018-11-07T05:12:49Z">
          <reporter-output>
          </reporter-output>
        </test-method> <!-- tearDown -->
        <test-method status="PASS" signature="setUp()[pri:0, instance:tests.LoginDDT@e320068]" name="setUp" is-config="true" duration-ms="3807" started-at="2018-11-07T05:12:49Z" finished-at="2018-11-07T05:12:52Z">
          <reporter-output>
          </reporter-output>
        </test-method> <!-- setUp -->
        <test-method status="PASS" signature="loginTest(java.lang.String, java.lang.String, java.lang.String)[pri:0, instance:tests.LoginDDT@e320068]" name="loginTest" duration-ms="1512" started-at="2018-11-07T05:12:52Z" data-provider="getData" finished-at="2018-11-07T05:12:54Z">
          <params>
            <param index="0">
              <value>
                <![CDATA[Janelle Von]]>
              </value>
            </param>
            <param index="1">
              <value>
                <![CDATA[jv@testemail.com]]>
              </value>
            </param>
            <param index="2">
              <value>
                <![CDATA[jv4password]]>
              </value>
            </param>
          </params>
          <reporter-output>
          </reporter-output>
        </test-method> <!-- loginTest -->
        <test-method status="PASS" signature="tearDown()[pri:0, instance:tests.LoginDDT@e320068]" name="tearDown" is-config="true" duration-ms="651" started-at="2018-11-07T05:12:54Z" finished-at="2018-11-07T05:12:54Z">
          <reporter-output>
          </reporter-output>
        </test-method> <!-- tearDown -->
      </class> <!-- tests.LoginDDT -->
    </test> <!-- Default test -->
  </suite> <!-- Default suite -->
</testng-results>
