<?xml version="1.0" encoding="UTF-8"?>
<!-- Generated by org.testng.reporters.JUnitXMLReporter -->
<testsuite ignored="0" hostname="DESKTOP-82IL342" failures="1" tests="2" name="HomePage Tests" time="9.09" errors="0" timestamp="18 Oct 2018 03:11:49 GMT">
  <testcase classname="smoketests.ATagsTest" name="loginElementsPresentTest" time="0.139"/>
  <testcase classname="smoketests.LoginPresentTestNG" name="loginElementsPresentTest" time="0.062">
    <failure type="java.lang.AssertionError" message="Password textbox not prsent expected [true] but found [false]">
      <![CDATA[java.lang.AssertionError: Password textbox not prsent expected [true] but found [false]
at smoketests.LoginPresentTestNG.loginElementsPresentTest(LoginPresentTestNG.java:21)
... Removed 28 stack frames]]>
    </failure>
  </testcase> <!-- loginElementsPresentTest -->
</testsuite> <!-- HomePage Tests -->
